<?xml version="1.0" encoding="UTF-8"?>
<!-- Generated by org.testng.reporters.JUnitXMLReporter -->
<testsuite hostname="JATIN-PC" ignored="3" name="Validating User login" tests="2" failures="0" timestamp="08 Aug 2020 12:48:47 GMT" time="41.999" errors="0">
  <testcase name="initialize_the_browser_with_chrome" time="40.01" classname="stepDefinations.stepDefination"/>
  <testcase name="click_on_Login_link_in_home_page_to_land_on_Secure_sign_in_Page" time="1.729" classname="stepDefinations.stepDefination"/>
  <testcase name="user_enters_and_and_logs_in" time="0.0" classname="stepDefinations.stepDefination">
    <ignored/>
  </testcase> <!-- user_enters_and_and_logs_in -->
  <testcase name="close_browsers" time="0.0" classname="stepDefinations.stepDefination">
    <ignored/>
  </testcase> <!-- close_browsers -->
  <testcase name="verify_that_user_is_succesfully_logged_in" time="0.0" classname="stepDefinations.stepDefination">
    <ignored/>
  </testcase> <!-- verify_that_user_is_succesfully_logged_in -->
</testsuite> <!-- Validating User login -->
